<?xml version="1.0" encoding="UTF-8"?>
<testsuite name="Test Chorus Broadband Map" tests="1" skipped="0" failures="0" errors="0" timestamp="2021-05-09T10:57:31" hostname="LP20488" time="16.028">
  <properties/>
  <testcase name="Test Chorus Broadband Map" classname="Test Chorus Broadband Map" time="16.028"/>
  <system-out><![CDATA[]]></system-out>
  <system-err><![CDATA[Starting ChromeDriver 89.0.4389.23 (61b08ee2c50024bab004e48d2b1b083cdbdac579-refs/branch-heads/4389@{#294}) on port 42439
Only local connections are allowed.
Please see https://chromedriver.chromium.org/security-considerations for suggestions on keeping ChromeDriver safe.
ChromeDriver was started successfully.
May 09, 2021 10:57:33 PM org.openqa.selenium.remote.ProtocolHandshake createSession
INFO: Detected dialect: W3C
]]></system-err>
</testsuite>
